cpu-bind=MASK - rishon1, task  0  0 [11375]: mask 0x100000001 set
cpu-bind=MASK - rishon1, task  0  0 [11375]: mask 0x100000001 set
2018-10-13 22:03:23.149575: I tensorflow/core/platform/cpu_feature_guard.cc:141] Your CPU supports instructions that this TensorFlow binary was not compiled to use: SSE4.1 SSE4.2 AVX AVX2 FMA
2018-10-13 22:03:24.351664: I tensorflow/core/common_runtime/gpu/gpu_device.cc:1392] Found device 0 with properties: 
name: GeForce GTX 1080 Ti major: 6 minor: 1 memoryClockRate(GHz): 1.582
pciBusID: 0000:08:00.0
totalMemory: 10.91GiB freeMemory: 10.75GiB
2018-10-13 22:03:24.352914: I tensorflow/core/common_runtime/gpu/gpu_device.cc:1471] Adding visible gpu devices: 0
2018-10-13 22:03:25.077383: I tensorflow/core/common_runtime/gpu/gpu_device.cc:952] Device interconnect StreamExecutor with strength 1 edge matrix:
2018-10-13 22:03:25.078606: I tensorflow/core/common_runtime/gpu/gpu_device.cc:958]      0 
2018-10-13 22:03:25.079510: I tensorflow/core/common_runtime/gpu/gpu_device.cc:971] 0:   N 
2018-10-13 22:03:25.080732: I tensorflow/core/common_runtime/gpu/gpu_device.cc:1084] Created TensorFlow device (/job:localhost/replica:0/task:0/device:GPU:0 with 10403 MB memory) -> physical GPU (device: 0, name: GeForce GTX 1080 Ti, pci bus id: 0000:08:00.0, compute capability: 6.1)
Training set (172254, 48, 48, 1) (172254, 7)
Validation set (3589, 48, 48, 1) (3589, 7)
Test set (3589, 48, 48, 1) (3589, 7)

  32/3589 [..............................] - ETA: 3:33
  96/3589 [..............................] - ETA: 1:12
 160/3589 [>.............................] - ETA: 43s 
 224/3589 [>.............................] - ETA: 31s
 288/3589 [=>............................] - ETA: 25s
 352/3589 [=>............................] - ETA: 20s
 416/3589 [==>...........................] - ETA: 17s
 480/3589 [===>..........................] - ETA: 15s
 544/3589 [===>..........................] - ETA: 13s
 608/3589 [====>.........................] - ETA: 12s
 672/3589 [====>.........................] - ETA: 11s
 736/3589 [=====>........................] - ETA: 10s
 800/3589 [=====>........................] - ETA: 9s 
 864/3589 [======>.......................] - ETA: 8s
 928/3589 [======>.......................] - ETA: 8s
 992/3589 [=======>......................] - ETA: 7s
1056/3589 [=======>......................] - ETA: 7s
1120/3589 [========>.....................] - ETA: 6s
1184/3589 [========>.....................] - ETA: 6s
1248/3589 [=========>....................] - ETA: 5s
1312/3589 [=========>....................] - ETA: 5s
1376/3589 [==========>...................] - ETA: 5s
1440/3589 [===========>..................] - ETA: 5s
1504/3589 [===========>..................] - ETA: 4s
1568/3589 [============>.................] - ETA: 4s
1632/3589 [============>.................] - ETA: 4s
1696/3589 [=============>................] - ETA: 4s
1760/3589 [=============>................] - ETA: 3s
1824/3589 [==============>...............] - ETA: 3s
1888/3589 [==============>...............] - ETA: 3s
1952/3589 [===============>..............] - ETA: 3s
2016/3589 [===============>..............] - ETA: 3s
2080/3589 [================>.............] - ETA: 2s
2144/3589 [================>.............] - ETA: 2s
2208/3589 [=================>............] - ETA: 2s
2272/3589 [=================>............] - ETA: 2s
2336/3589 [==================>...........] - ETA: 2s
2400/3589 [===================>..........] - ETA: 2s
2464/3589 [===================>..........] - ETA: 2s
2528/3589 [====================>.........] - ETA: 1s
2592/3589 [====================>.........] - ETA: 1s
2656/3589 [=====================>........] - ETA: 1s
2720/3589 [=====================>........] - ETA: 1s
2784/3589 [======================>.......] - ETA: 1s
2848/3589 [======================>.......] - ETA: 1s
2912/3589 [=======================>......] - ETA: 1s
2976/3589 [=======================>......] - ETA: 1s
3040/3589 [========================>.....] - ETA: 0s
3104/3589 [========================>.....] - ETA: 0s
3168/3589 [=========================>....] - ETA: 0s
3232/3589 [==========================>...] - ETA: 0s
3296/3589 [==========================>...] - ETA: 0s
3360/3589 [===========================>..] - ETA: 0s
3424/3589 [===========================>..] - ETA: 0s
3488/3589 [============================>.] - ETA: 0s
3552/3589 [============================>.] - ETA: 0s
3589/3589 [==============================] - 6s 2ms/step
/home/noa.bratman/anaconda3/envs/keras36/lib/python3.6/site-packages/h5py/__init__.py:36: FutureWarning: Conversion of the second argument of issubdtype from `float` to `np.floating` is deprecated. In future, it will be treated as `np.float64 == np.dtype(float).type`.
  from ._conv import register_converters as _register_converters
Using TensorFlow backend.
Test accuracy:  0.7224853719865156
